<?xml version="1.0" encoding="UTF-8"?>
<!-- Generated by org.testng.reporters.JUnitReportReporter -->
<testsuite hostname="DESKTOP-EUDIV0F" name="com.petStore.test.fuctional.GetPetBasedOnStatusFuctionalTest" tests="3" failures="0" timestamp="11 Sep 2022 20:38:23 GMT" time="1.828" errors="0">
  <testcase name="test_getPetsBasedOnFieldStatusPending" time="0.259" classname="com.petStore.test.fuctional.GetPetBasedOnStatusFuctionalTest"/>
  <testcase name="test_getPetsBasedOnFieldStatusAvailable" time="0.825" classname="com.petStore.test.fuctional.GetPetBasedOnStatusFuctionalTest"/>
  <testcase name="test_getPetsBasedOnFieldStatusSold" time="0.744" classname="com.petStore.test.fuctional.GetPetBasedOnStatusFuctionalTest"/>
</testsuite> <!-- com.petStore.test.fuctional.GetPetBasedOnStatusFuctionalTest -->
